<?xml version="1.0" encoding="UTF-8"?>
<testng-results ignored="0" total="3" passed="2" failed="1" skipped="0">
  <reporter-output>
    <line>
      <![CDATA[open browser]]>
    </line>
    <line>
      <![CDATA[login]]>
    </line>
    <line>
      <![CDATA[create customer]]>
    </line>
    <line>
      <![CDATA[logout]]>
    </line>
    <line>
      <![CDATA[login]]>
    </line>
    <line>
      <![CDATA[delete customer]]>
    </line>
    <line>
      <![CDATA[logout]]>
    </line>
    <line>
      <![CDATA[login]]>
    </line>
    <line>
      <![CDATA[modify customer]]>
    </line>
    <line>
      <![CDATA[logout]]>
    </line>
    <line>
      <![CDATA[close browser]]>
    </line>
  </reporter-output>
  <suite started-at="2022-11-02T10:32:00 IST" name="Default suite" finished-at="2022-11-02T10:32:01 IST" duration-ms="1746">
    <groups>
      <group name="regressionTest">
        <method signature="CustomerModule.createCustomer()[pri:0, instance:com.actitime.testscript.CustomerModule@67c33749]" name="createCustomer" class="com.actitime.testscript.CustomerModule"/>
        <method signature="CustomerModule.deleteCustomer()[pri:0, instance:com.actitime.testscript.CustomerModule@67c33749]" name="deleteCustomer" class="com.actitime.testscript.CustomerModule"/>
        <method signature="CustomerModule.modifyCustomer()[pri:0, instance:com.actitime.testscript.CustomerModule@67c33749]" name="modifyCustomer" class="com.actitime.testscript.CustomerModule"/>
      </group> <!-- regressionTest -->
      <group name="smokeTest">
        <method signature="CustomerModule.createCustomer()[pri:0, instance:com.actitime.testscript.CustomerModule@67c33749]" name="createCustomer" class="com.actitime.testscript.CustomerModule"/>
      </group> <!-- smokeTest -->
    </groups>
    <test started-at="2022-11-02T10:32:00 IST" name="Default test" finished-at="2022-11-02T10:32:01 IST" duration-ms="1746">
      <class name="com.actitime.testscript.CustomerModule">
        <test-method is-config="true" signature="openBrowser()[pri:0, instance:com.actitime.testscript.CustomerModule@67c33749]" started-at="2022-11-02T10:32:00 IST" name="openBrowser" finished-at="2022-11-02T10:32:01 IST" duration-ms="1417" status="PASS">
          <reporter-output>
            <line>
              <![CDATA[open browser]]>
            </line>
          </reporter-output>
        </test-method> <!-- openBrowser -->
        <test-method is-config="true" signature="login()[pri:0, instance:com.actitime.testscript.CustomerModule@67c33749]" started-at="2022-11-02T10:32:01 IST" name="login" finished-at="2022-11-02T10:32:01 IST" duration-ms="0" status="PASS">
          <reporter-output>
            <line>
              <![CDATA[login]]>
            </line>
          </reporter-output>
        </test-method> <!-- login -->
        <test-method signature="createCustomer()[pri:0, instance:com.actitime.testscript.CustomerModule@67c33749]" started-at="2022-11-02T10:32:01 IST" name="createCustomer" finished-at="2022-11-02T10:32:01 IST" duration-ms="9" status="FAIL">
          <exception class="java.lang.AssertionError">
            <message>
              <![CDATA[null]]>
            </message>
            <full-stacktrace>
              <![CDATA[java.lang.AssertionError: null
at org.testng.Assert.fail(Assert.java:99)
at org.testng.Assert.fail(Assert.java:106)
at com.actitime.testscript.CustomerModule.createCustomer(CustomerModule.java:14)
at java.base/jdk.internal.reflect.NativeMethodAccessorImpl.invoke0(Native Method)
at java.base/jdk.internal.reflect.NativeMethodAccessorImpl.invoke(NativeMethodAccessorImpl.java:77)
at java.base/jdk.internal.reflect.DelegatingMethodAccessorImpl.invoke(DelegatingMethodAccessorImpl.java:43)
at java.base/java.lang.reflect.Method.invoke(Method.java:568)
at org.testng.internal.MethodInvocationHelper.invokeMethod(MethodInvocationHelper.java:133)
at org.testng.internal.TestInvoker.invokeMethod(TestInvoker.java:598)
at org.testng.internal.TestInvoker.invokeTestMethod(TestInvoker.java:173)
at org.testng.internal.MethodRunner.runInSequence(MethodRunner.java:46)
at org.testng.internal.TestInvoker$MethodInvocationAgent.invoke(TestInvoker.java:824)
at org.testng.internal.TestInvoker.invokeTestMethods(TestInvoker.java:146)
at org.testng.internal.TestMethodWorker.invokeTestMethods(TestMethodWorker.java:146)
at org.testng.internal.TestMethodWorker.run(TestMethodWorker.java:128)
at java.base/java.util.ArrayList.forEach(ArrayList.java:1511)
at org.testng.TestRunner.privateRun(TestRunner.java:794)
at org.testng.TestRunner.run(TestRunner.java:596)
at org.testng.SuiteRunner.runTest(SuiteRunner.java:377)
at org.testng.SuiteRunner.runSequentially(SuiteRunner.java:371)
at org.testng.SuiteRunner.privateRun(SuiteRunner.java:332)
at org.testng.SuiteRunner.run(SuiteRunner.java:276)
at org.testng.SuiteRunnerWorker.runSuite(SuiteRunnerWorker.java:53)
at org.testng.SuiteRunnerWorker.run(SuiteRunnerWorker.java:96)
at org.testng.TestNG.runSuitesSequentially(TestNG.java:1212)
at org.testng.TestNG.runSuitesLocally(TestNG.java:1134)
at org.testng.TestNG.runSuites(TestNG.java:1063)
at org.testng.TestNG.run(TestNG.java:1031)
at org.testng.remote.AbstractRemoteTestNG.run(AbstractRemoteTestNG.java:115)
at org.testng.remote.RemoteTestNG.initAndRun(RemoteTestNG.java:251)
at org.testng.remote.RemoteTestNG.main(RemoteTestNG.java:77)
]]>
            </full-stacktrace>
          </exception> <!-- java.lang.AssertionError -->
          <reporter-output>
            <line>
              <![CDATA[create customer]]>
            </line>
          </reporter-output>
        </test-method> <!-- createCustomer -->
        <test-method is-config="true" signature="logout()[pri:0, instance:com.actitime.testscript.CustomerModule@67c33749]" started-at="2022-11-02T10:32:01 IST" name="logout" finished-at="2022-11-02T10:32:01 IST" duration-ms="1" status="PASS">
          <reporter-output>
            <line>
              <![CDATA[logout]]>
            </line>
          </reporter-output>
        </test-method> <!-- logout -->
        <test-method is-config="true" signature="login()[pri:0, instance:com.actitime.testscript.CustomerModule@67c33749]" started-at="2022-11-02T10:32:01 IST" name="login" finished-at="2022-11-02T10:32:01 IST" duration-ms="1" status="PASS">
          <reporter-output>
            <line>
              <![CDATA[login]]>
            </line>
          </reporter-output>
        </test-method> <!-- login -->
        <test-method signature="deleteCustomer()[pri:0, instance:com.actitime.testscript.CustomerModule@67c33749]" started-at="2022-11-02T10:32:01 IST" name="deleteCustomer" finished-at="2022-11-02T10:32:01 IST" duration-ms="2" status="PASS">
          <reporter-output>
            <line>
              <![CDATA[delete customer]]>
            </line>
          </reporter-output>
        </test-method> <!-- deleteCustomer -->
        <test-method is-config="true" signature="login()[pri:0, instance:com.actitime.testscript.CustomerModule@67c33749]" started-at="2022-11-02T10:32:01 IST" name="login" finished-at="2022-11-02T10:32:01 IST" duration-ms="1" status="PASS">
          <reporter-output>
            <line>
              <![CDATA[login]]>
            </line>
          </reporter-output>
        </test-method> <!-- login -->
        <test-method is-config="true" signature="logout()[pri:0, instance:com.actitime.testscript.CustomerModule@67c33749]" started-at="2022-11-02T10:32:01 IST" name="logout" finished-at="2022-11-02T10:32:01 IST" duration-ms="0" status="PASS">
          <reporter-output>
            <line>
              <![CDATA[logout]]>
            </line>
          </reporter-output>
        </test-method> <!-- logout -->
        <test-method signature="modifyCustomer()[pri:0, instance:com.actitime.testscript.CustomerModule@67c33749]" started-at="2022-11-02T10:32:01 IST" name="modifyCustomer" finished-at="2022-11-02T10:32:01 IST" duration-ms="1" status="PASS">
          <reporter-output>
            <line>
              <![CDATA[modify customer]]>
            </line>
          </reporter-output>
        </test-method> <!-- modifyCustomer -->
        <test-method is-config="true" signature="logout()[pri:0, instance:com.actitime.testscript.CustomerModule@67c33749]" started-at="2022-11-02T10:32:01 IST" name="logout" finished-at="2022-11-02T10:32:01 IST" duration-ms="0" status="PASS">
          <reporter-output>
            <line>
              <![CDATA[logout]]>
            </line>
          </reporter-output>
        </test-method> <!-- logout -->
        <test-method is-config="true" signature="closeBrowser()[pri:0, instance:com.actitime.testscript.CustomerModule@67c33749]" started-at="2022-11-02T10:32:01 IST" name="closeBrowser" finished-at="2022-11-02T10:32:01 IST" duration-ms="92" status="PASS">
          <reporter-output>
            <line>
              <![CDATA[close browser]]>
            </line>
          </reporter-output>
        </test-method> <!-- closeBrowser -->
      </class> <!-- com.actitime.testscript.CustomerModule -->
    </test> <!-- Default test -->
  </suite> <!-- Default suite -->
</testng-results>
